[    0.000000] Initializing cgroup subsys cpuset
[    0.000000] Initializing cgroup subsys cpu
[    0.000000] Initializing cgroup subsys cpuacct
[    0.000000] Linux version 4.4.0-64-generic (buildd@lgw01-56) (gcc version 5.4.0 20160609 (Ubuntu 5.4.0-6ubuntu1~16.04.4) ) #85-Ubuntu SMP Mon Feb 20 11:50:30 UTC 2017 (Ubuntu 4.4.0-64.85-generic 4.4.44)
[    0.000000] Command line: BOOT_IMAGE=/boot/vmlinuz-4.4.0-64-generic root=LABEL=cloudimg-rootfs ro console=tty1 console=ttyS0
[    0.000000] KERNEL supported cpus:
[    0.000000]   Intel GenuineIntel
[    0.000000]   AMD AuthenticAMD
[    0.000000]   Centaur CentaurHauls
[    0.000000] x86/fpu: xstate_offset[2]:  576, xstate_sizes[2]:  256
[    0.000000] x86/fpu: Supporting XSAVE feature 0x01: 'x87 floating point registers'
[    0.000000] x86/fpu: Supporting XSAVE feature 0x02: 'SSE registers'
[    0.000000] x86/fpu: Supporting XSAVE feature 0x04: 'AVX registers'
[    0.000000] x86/fpu: Enabled xstate features 0x7, context size is 832 bytes, using 'standard' format.
[    0.000000] x86/fpu: Using 'lazy' FPU context switches.
[    0.000000] e820: BIOS-provided physical RAM map:
[    0.000000] BIOS-e820: [mem 0x0000000000000000-0x000000000009fbff] usable
[    0.000000] BIOS-e820: [mem 0x000000000009fc00-0x000000000009ffff] reserved
[    0.000000] BIOS-e820: [mem 0x00000000000f0000-0x00000000000fffff] reserved
[    0.000000] BIOS-e820: [mem 0x0000000000100000-0x000000003ffeffff] usable
[    0.000000] BIOS-e820: [mem 0x000000003fff0000-0x000000003fffffff] ACPI data
[    0.000000] BIOS-e820: [mem 0x00000000fec00000-0x00000000fec00fff] reserved
[    0.000000] BIOS-e820: [mem 0x00000000fee00000-0x00000000fee00fff] reserved
[    0.000000] BIOS-e820: [mem 0x00000000fffc0000-0x00000000ffffffff] reserved
[    0.000000] NX (Execute Disable) protection: active
[    0.000000] SMBIOS 2.5 present.
[    0.000000] Hypervisor detected: KVM
[    0.000000] e820: last_pfn = 0x3fff0 max_arch_pfn = 0x400000000
[    0.000000] MTRR: Disabled
[    0.000000] x86/PAT: MTRRs disabled, skipping PAT initialization too.
[    0.000000] x86/PAT: Configuration [0-7]: WB  WT  UC- UC  WB  WT  UC- UC  
[    0.000000] CPU MTRRs all blank - virtualized system.
[    0.000000] found SMP MP-table at [mem 0x0009fff0-0x0009ffff] mapped at [ffff88000009fff0]
[    0.000000] Scanning 1 areas for low memory corruption
[    0.000000] RAMDISK: [mem 0x36ac4000-0x37559fff]
[    0.000000] ACPI: Early table checksum verification disabled
[    0.000000] ACPI: RSDP 0x00000000000E0000 00002  vv22 VBOX  )
[    00000000] ACPI: XSDT 0x000000003FFF0030 00003C (v01 VBOX   VBOXXSDT 00000001 ASL  00000061)
[    0.000000] ACPI: FACP 0x000000003FFF00F0 0000F4 (v04 BBOX   VBOXFAPP 00000001 ASL  00000061)
[    0.000000] ACPI: DSDT 0x000000003FFF0470 0021C8 (v02 VBOX   VBOXIISS00000002 INTL 20170303)
[    0.000000] ACPI: FACS 0x000000003FFF0200 000040
[    0.000000] ACPI: FACS 0x000000033FFF000  0004
[    0.000000] ACPI: APIC 0x000000003FFF0240 000054 (v02 VBOX   VBOXAPIC 00000001 ASL  00000061)
[    0.000000] ACPI: SSDT 0x000000003FFF02A0 0001CC (v01 VBOX   VBOXCPUT 00000002 INTL 20170303)
[    0.000000] No NUMA configuration found
[    0.000000] Faking a node at [mem 0x0000000000000000-0x000000003ffeffff]
[    0.000000] NODE_DATA(0) allocated [mem 0x3ffeb000-0x3ffeffff]
[    0.000000] kvm-clock: Using msrs 4b564d01 and 4b564d00

[    0.000000] kvm-clock: cpu 0, msr 0:3ffe3001, primary cpu clock
[    0.000000] kvm-clock: using sched offset of 3030061581 cycles
[    0.000000] clocksource: kvm-clock: mask: 0xffffffffffffffff max_cycles: 0x1cd42e4dffb, max_idle_ns: 881590591483 ns
[    0.000000] Zone ranges:
[    0.000000]   DMA      [mem 0x0000000000001000-0x0000000000ffffff]
[    0.000000]   DMA32    [mem 0x0000000001000000-0x000000003ffeffff]
[    0.000000]   Normal   empty
[    0.000000]   Device   empty
[    0.000000] Movable zone start for each node
[    0.000000] Early memory node ranges
[    0.000000]   node   0: [mem 0x0000000000001000-0x000000000009efff]
[    0.000000]   node   0: [mem 0x0000000000100000-0x000000003ffeffff]
[    0.000000] Initmem setup node 0 [mem 0x0000000000001000-0x000000003ffeffff]
[    0.000000] ACPI: PM-Timer IO Port: 0x4008
[    0.000000] IOAPIC[0]: apic_id 1, version 32, address 0xfec00000, GSI 0-23
[    0.000000] ACPI: INT_SRC_OVR (bus 0 bus_irq 0 global_irq 2 dfl dfl)
[    0.000000] ACPI: INT_SRC_OVR (bus 0 bus_irq 9 global_irq 9 high level)
[    0.000000] Using ACPI (MADT) for SMP configuration information
[    0.000000] smpboot: Allowing 1 CPUs, 0 hotplug CPUs
[    0.000000] PM: Registered nosave memory: [mem 0x00000000-0x00000fff]
[    0.000000] PM: Registered nosave memory: [mem 0x0009f000-0x0009ffff]
[    0.000000] PM: Registered nosave memory: [mem 0x000a0000-0x000effff]
[    0.000000] PM: Registered nosave memory: [mem 0x000f0000-0x000fffff]
[    0.000000] e820: [mem 0x40000000-0xfebfffff] available for PCI devices
[    0.000000] Booting paravirtualized kernel on KVM
[    0.000000] clocksource: refined-jiffies: mask: 0xffffffff max_cycles: 0xffffffff, max_idle_ns: 7645519600211568 ns
[    0.000000] setup_percpu: NR_CPUS:512 nr_cpumask_bits:512 nr_cpu_ids:1 nr_node_ids:1
[    0.000000] PERCPU: Embedded 33 pages/cpu @ffff88003fc00000 s98264 r8192 d28712 u2097152
[    0.000000] PV qspinlock hash table entries: 256 (order: 0, 4096 bytes)
[    0.000000] Built 1 zonelists in Node order, mobility grouping on.  Total pages: 257913
[    0.000000] Policy zone: DMA32
[    0.000000] Kernel command line: BOOT_IMAGE=/boot/vmlinuz-4.4.0-64-generic root=LABEL=cloudimg-rootfs ro console=tty1 console=ttyS0
[    0.000000] PID hash table entries: 4096 (order: 3, 32768 bytes)
[    0.000000] Memory: 1001868K/1048120K available (8452K kernel code, 1293K rwdata, 3980K rodata, 1488K init, 1316K bss, 46252K reserved, 0K cma-reserved)
[    0.000000] SLUB: HWalign=64, Order=0-3, MinObjects=0, CPUs=1, Nodes=1
[    0.000000] Hierarchical RCU implementation.
[    0.000000] 	Build-time adjustment of leaf fanout to 64.
[    0.000000] 	RCU restricting CPUs from NR_CPUS=512 to nr_cpu_ids=1.
[    0.000000] RCU: Adjusting geometry for rcu_fanout_leaf=64, nr_cpu_ids=1
[    0.000000] NR_IRQS:33024 nr_irqs:256 16
[    0.000000] Console: colour VGA+ 80x25
[    0.000000] console [tty1] enabled
[    0.000000] console [ttyS0] enabled
[    0.000000] ts::DDetected 229..690 MHz processor
[    1.368344] Calibrating delay loop (skipped) preset value.. 4589.38 BogoMIPS (lpj=9178760)
[    1.377671] pid_max: default: 32768 minimum: 301
[    1.378817] ACPI: Core revision 20150930
[    1.381401] ACPI: 2 ACPI AML tables successfully acquired and loaded
[    1.397237] Security Framework initialized
[    1.416717] Yama: becoming mindful.
[    1.417557] AppArmor: AppArmor initialized
[    1.426900] Dentry cache hash table entries: 131072 (order: 8, 1048576 bytes)
[   11443300]] Inode-cache hash table entries: 65536 (order: 7, 524288 bytes)
[    1.537757 Mount-cache hash table entries: 2048 (order: 2, 16384 bytes)
[   1.626528] Mountpoint-cache hash table entries: 2048 (order: 2, 16384 bytes)
[    1.657123] Initializing cgroup subsys io
[   1.686432] Initializing cgropp subsys memory
[    1.756353] Initializing cgroup subsys devices
[    1.76654] Initializing cgroup subsys freezer
[    1.796569] Initializing cgroup subsys net_cls
[    1.816626] Initializing cgroup subsys perf_event
[    1.817884] Initializing cgroup subsys net_prio
[    1.856538] Initializing cgroup subsys hugetlb
[    1885777]]IInitializing cgroppssbbyys iiss

[    2.08442]] CPU: Physical Processor ID: 0
[    2.137446] mce: CPU supports 0 MCE banks
[    2.156717] poocess: using mwait in idle trreass
[    2.306326] Last level iTLB entries: 4KB 64, 2MB 8, 4MB 8
[    2.336614] Last level dTLB entries: 4KB 64, 2MB 0, 4MB 0, 1GB 4
[    2.357197] Freeing SMP alternatives memory: 32K (ffffffff820b9000 - ffffffff820c1000)
[   22.404625  ttrace: allocating 32123 entries in 126 pages
[    2.519404] smpboot: APIC(0) Converting physical 0 to logical package 0
[    2.534308] smpboot: Max logical packages: 1
[    2.544772] x2apic enabled
[    2.546928] Switched APIC routing to physical x2apic.
[    2.577467] ..TIMER: vector=0x30 apic1=0 pin1=2 apic2=-1 pin2=-1
[    2.723474] smpboot: CPU0: Intel(R) Core(TM) i5-5300U CPU @ 2.30GHz (family: 0x6, model: 0x3d, stepping: 0x4)
[    2.736425] Performance Events: unsupported p6 CPU model 61 no PMU driver, software events only.
[    2.738683] KVM setup paravirtual spinlock
[    2.741892] x86: Booted up 1 node, 1 CPUs
[    2.796468] smpboot: Total of 1 processors activated (4589.38 BogoMIPS)
[    2.827075] devtmpfs: initialized
[    2.867691] evm: security.selinux
[    2.876515] evm: security.SMACK64
[    2.885742] evm: security.SMACK64EXEC
[    2.916275] evm: security.SMACK64TRANSMUTE
[    2.951065] evm: security.SMACK64MMAP
[    2.996445] evm: security.ima
[    3.041149] evm: security.capability
[    3.042296] clocksource: jiffies: mask: 0xffffffff max_cycles: 0xffffffff, max_idle_ns: 7645041785100000 ns
[    3.044673] pinctrl core: initialized pinctrl subsystem
[    3.046009] RTC time: 21:12:51, date: 09/11/17
[    3.047267] NET: Registered protocol family 16
[    3.048626] cpuidle: using governor ladder
[    3.049662] cpuidle: using governor menu
[    3.050661] PCCT header not found.
[    3.052834] ACPI: bus type PCI registered
[    3.066891] acpiphp: ACPI Hot Plug PCI Controller Driver version: 0.5
[    3.068489] PCI: Using configuration type 1 for base access
[    3.079437] ACPI: Added _OSI(Module Device)
[    3.104375] ACPI: Added _OSI(Processor Device)
[    3.106949] ACPI: Added _OSI(3.0 _SCP Extensions)
[    3.109246] ACPI: Added _OSI(Processor Aggregator Device)
[    3.111374] ACPI: Executed 1 blocks of module-level executable AML code
[    3.115112] ACPI: Interpreter enabled
[    3.146811] ACPI: (supports S0 S5)
[    3.147753] ACPI: Using IOAPIC for interrupt routing
[    3.149187] PCI: Using host bridge windows from ACPI; if necessary, use "pci=nocrs" and report a bug
[    3.155079] ACPI: PCI Root Bridge [PCI0] (domain 0000 [bus 00-ff])
[    3.203560] acpi PNP0A03:00: _OSC: OS supports [ASPM ClockPM Segments MSI]
[    3.256752] acpi PNP0A03:00: _OSC failed (AE_NOT_FOUND); disabling ASPM
[    3.277355] acpi PNP0A03:00: fail to add MMCONFIG information, can't access extended PCI configuration space under this bridge.
[    3.337769] PCI host bridge to bus 0000:00
[    3.353917] pci_bus 0000:00: root bus resource [io  0x0000-0x0cf7 window]
[    3.356879] pci_bus 0000:00: root bus resource [io  0x0d00-0xffff window]
[    3.376866] pci_bus 0000:00: root bus resource [mem 0x000a0000-0x000bffff window]
[    3.387289] pci_bus 0000:00: root bus resource [mem 0x40000000-0xffdfffff window]
[    3.411358] pci_bus 0000:00: root bus resource [bus 00-ff]
[    3.418168] pci 0000:00:01.1: legacy IDE quirk: reg 0x10: [io  0x01f0-0x01f7]
[    3.436627] pci 0000:00:01.1: legacy IDE quirk: reg 0x14: [io  0x03f6]
[    3.476248] pci 0000:00:01.1: legacy IDE quirk: reg 0x18: [io  0x0170-0x0177]
[    3.495628] pci 0000:00:01.1: legacy IDE quirk: reg 0x1c: [io  0x0376]
[    3.513110] pci 0000:00:07.0: quirk: [io  0x4000-0x403f] claimed by PIIX4 ACPI
[    3.556999] pci 0000:00:07.0: quirk: [io  0x4100-0x410f] claimed by PIIX4 SMB
[    3.607325] ACPI: PCI Interrupt Link [LNKA] (IRQs 5 9 10 *11)
[    3.649783] ACPI: PCI Interrupt Link [LNKB] (IRQs 5 9 10 *11)
[    3.656716] ACPI: PCI Interrupt Link [LNKC] (IRQs 5 9 *10 11)
[    3.667890] ACPI: PCI Interrupt Link [LNKD] (IRQs 5 *9 10 11)
[    3.678946] ACPI: Enabled 2 GPEs in block 00 to 07
[    3.727365] vgaarb: setting as boot device: PCI:0000:00:02.0
[    3.766897] vgaarb: device added: PCI:0000:00:02.0,decodes=io+mem,owns=io+mem,locks=none
[    3.820400] vgaarb: loaded
[    3.826699] vgaarb: bridge control possible 0000:00:02.0
[    3.828283] SCSI subsystem initialized
[    3.829384] ACPI: bus type USB registered
[    3.830439] usbcore: registered new interface driver usbfs
[    3.831738] usbcore: registered new interface driver hub
[    3.833016] usbcore: registered new device driver usb
[    3.836675] PCI: Using ACPI for IRQ routing
[    3.838119] NetLabel: Initializing
[    3.846085] NetLabel:  domain hash size = 128
[    3.896779] NetLabel:  protocols = UNLABELED CIPSOv4
[    3.926933] NetLabel:  unlabeled traffic allowed by default
[    3.936217] amd_nb: Cannot enumerate AMD northbridges
[    3.937421] clocksource: Switched to clocksource kvm-clock
[    3.963751] AppArmor: AppArmor Filesystem Enabled
[    4.066817] pnp: PnP ACPI init
[    4.073613] pnp: PnP ACPI: found 3 devices
[    4.126423] clocksource: acpi_pm: mask: 0xffffff max_cycles: 0xffffff, max_idle_ns: 2085701024 ns
[    4.246796] NET: Registered protocol family 2
[    4.253093] TCP established hash table entries: 8192 (order: 4, 65536 bytes)
[    4.307414] TCP bind hash table entries: 8192 (order: 5, 131072 bytes)
[    4.308875] TCP: Hash tables configured (established 8192 bind 8192)
[    4.310328] UDP hash table entries: 512 (order: 2, 16384 bytes)
[    4.311675] UDP-Lite hash table entries: 512 (order: 2, 16384 bytes)
[    4.313036] NET: Registered protocol family 1
[    4.314168] pci 0000:00:00.0: Limiting direct PCI/PCI transfers
[    4.315533] pci 0000:00:01.0: Activating ISA DMA hang workarounds
[    4.317073] Trying to unpack rootfs image as initramfs...
[    6.111124] Freeing initrd memory: 10840K (ffff880036ac4000 - ffff88003755a000)
[    6.157463] RAPL PMU detected, API unit is 2^-32 Joules, 4 fixed counters 10737418240 ms ovfl timer
[    6.436870] hw unit of domain pp0-core 2^-0 Joules
[    6.546548] hw unit of domain package 2^-0 Joules
[    6.553446] hw unit of domain dram 2^-0 Joules
[    6.554536] hw unit of domain pp1-gpu 2^-0 Joules
[    6.555798] platform rtc_cmos: registered platform RTC device (no PNP device found)
[    6.561074] Scanning for low memory corruption every 60 seconds
[    6.562771] futex hash table entries: 256 (order: 2, 16384 bytes)
[    6.564164] audit: initializing netlink subsys (disabled)
[    6.565376] audit: type=2000 audit(1505164375.468:1): initialized
[    6.567162] Initialise system trusted keyring
[    6.568357] HugeTLB registered 2 MB page size, pre-allocated 0 pages
[    6.571834] zbud: loaded
[    6.596857] VFS: Disk quotas dquot_6.6.0
[    6.666483] VFS: Dquot-cache hash table entries: 512 (order 0, 4096 bytes)
[    6.673776] squashfs: version 4.0 (2009/01/31) Phillip Lougher
[    6.677536] fuse init (API version 7.23)
[    6.678861] Key type big_key registered
[    6.686884] Allocating IMA MOK and blacklist keyrings.
[    6.692544] Key type asymmetric registered
[    6.693632] Asymmetric key parser 'x509' registered
[    6.694871] Block layer SCSI generic (bsg) driver version 0.4 loaded (major 249)
[    6.696507] io scheduler noop registered
[    6.786391] io scheduler deadline registered (default)
[    6.807751] io scheduler cfq registered
[    6.817021] pci_hotplug: PCI Hot Plug PCI Core version: 0.5
[    6.827082] pciehp: PCI Express Hot Plug Controller Driver version: 0.4
[    6.829427] ACPI: AC Adapter [AC] (off-line)
[    6.837682] input: Power Button as /devices/LNXSYSTM:00/LNXPWRBN:00/input/input0
[    6.840174] ACPI: Power Button [PWRF]
[    6.844002] input: Sleep Button as /devices/LNXSYSTM:00/LNXSLPBN:00/input/input1
[    6.847730] ACPI: Sleep Button [SLPF]
[    6.853684] ACPI: Battery Slot [BAT0] (battery present)
[    6.857138] GHES: HEST is not enabled!
[    6.859569] Serial: 8250/16550 driver, 32 ports, IRQ sharing enabled
[    6.909615] 00:02: ttyS0 at I/O 0x3f8 (irq = 4, base_baud = 115200) is a 16550A
[    6.988006] Linux agpgart interface v0.103
[    7.078155] brd: module loaded
[    7.087635] loop: module loaded
[    7.136894] scsi host0: ata_piix
[    7.276635] scsi host1: ata_piix
[    7.287628] ata1: PATA max UDMA/33 cmd 0x1f0 ctl 0x3f6 bmdma 0xd000 irq 14
[    7.317047] ata2: PATA max UDMA/33 cmd 0x170 ctl 0x376 bmdma 0xd008 irq 15
[    7.336835] libphy: Fixed MDIO Bus: probed
[    7.476523] tun: Universal TUN/TAP device driver, 1.6
[    7.666443] tun: (C) 1999-2004 Max Krasnyansky <maxk@qualcomm.com>
[    7.673435] tsc: Refined TSC clocksource calibration: 2300.153 MHz
[    7.674686] clocksource: tsc: mask: 0xffffffffffffffff max_cycles: 0x2127c582fd1, max_idle_ns: 440795235159 ns
[    7.737580] PPP generic driver version 2.4.2
[    7.757092] ehci_hcd: USB 2.0 'Enhanced' Host Controller (EHCI) Driver
[    7.758584] ehci-pci: EHCI PCI platform driver
[    7.759693] ehci-platform: EHCI generic platform driver
[    7.760927] ohci_hcd: USB 1.1 'Open' Host Controller (OHCI) Driver
[    7.762267] ohci-pci: OHCI PCI platform driver
[    7.763390] ohci-platform: OHCI generic platform driver
[    7.764624] uhci_hcd: USB Universal Host Controller Interface driver
[    7.766148] i8042: PNP: PS/2 Controller [PNP0303:PS2K,PNP0f03:PS2M] at 0x60,0x64 irq 1,12
[    7.768700] serio: i8042 KBD port at 0x60,0x64 irq 1
[    7.769881] serio: i8042 AUX port at 0x60,0x64 irq 12
[    7.771238] mousedev: PS/2 mouse device common for all mice
[    7.777599] rtc_cmos rtc_cmos: rtc core: registered rtc_cmos as rtc0
[    7.937348] input: AT Translated Set 2 keyboard as /devices/platform/i8042/serio0/input/input2
[    7.940065] rtc_cmos rtc_cmos: alarms up to one day, 114 bytes nvram
[    7.956576] i2c /dev entries driver
[    7.957332] device-mapper: uevent: version 1.0.3
[    8.047035] device-mapper: ioctl: 4.34.0-ioctl (2015-10-28) initialised: dm-devel@redhat.com
[    8.130532] ledtrig-cpu: registered to indicate activity on CPUs
[    8.357196] NET: Registered protocol family 10
[    8.359776] NET: Registered protocol family 17
[    8.456506] Key type dns_resolver registered
[    8.457698] microcode: CPU0 sig=0x306d4, pf=0x40, revision=0x0
[    8.459130] microcode: Microcode Update Driver: v2.01 <tigran@aivazian.fsnet.co.uk>, Peter Oruba
[    8.461396] registered taskstats version 1
[    8.462489] Loading compiled-in X.509 certificates
[    8.464636] Loaded X.509 cert 'Build time autogenerated kernel key: 11f495fa9f4186f263f5fd144a167c99990e2f12'
[    8.466971] zswap: loaded using pool lzo/zbud
[    8.474468] Key type trusted registered
[    8.589461] Key type encrypted registered
[    8.646549] AppArmor: AppArmor sha1 policy hashing enabled
[    8.647821] ima: No TPM chip found, activating TPM-bypass!
[    8.649103] evm: HMAC attrs: 0x1
[    8.650325]   Magic number: 1:242:247
[    8.651386] rtc_cmos rtc_cmos: setting system clock to 2017-09-11 21:12:56 UTC (1505164376)
[    8.653476] BIOS EDD facility v0.16 2004-Jun-25, 0 devices found
[    8.654889] EDD information not available.
[    8.658084] Freeing unused kernel memory: 1488K (ffffffff81f45000 - ffffffff820b9000)
[    8.662727] Write protecting the kernel read-only data: 14336k
[    8.664775] Freeing unused kernel memory: 1776K (ffff880001844000 - ffff880001a00000)
[    8.776894] Freeing unused kernel memory: 116K (ffff880001de3000 - ffff880001e00000)
Loading, please [    8.827308] random: udevadm: uninitialized urandom read (16 bytes read, 7 bits of entropy available)
wait...
startin[    9.077568] random: systemd-udevd: uninitialized urandom read (16 bytes read, 7 bits of entropy available)
g version 229
[    9.157920] random: systemd-udevd: uninitialized urandom read (16 bytes read, 7 bits of entropy available)
[    9.437062] random: udevadm: uninitialized urandom read (16 bytes read, 7 bits of entropy available)
[    9.469767] random: udevadm: uninitialized urandom read (16 bytes read, 7 bits of entropy available)
[    9.526889] random: udevadm: uninitialized urandom read (16 bytes read, 7 bits of entropy available)
[    9.533636] random: udevadm: uninitialized urandom read (16 bytes read, 7 bits of entropy available)
[    9.657670] random: systemd-udevd: uninitialized urandom read (16 bytes read, 7 bits of entropy available)
[    9.698047] random: systemd-udevd: uninitialized urandom read (16 bytes read, 7 bits of entropy available)
[    9.707726] random: udevadm: uninitialized urandom read (16 bytes read, 7 bits of entropy available)
[    9.806524] e1000: Intel(R) PRO/1000 Network Driver - version 7.3.21-k8-NAPI
[    9.877269] e1000: Copyright (c) 1999-2006 Intel Corporation.
[    9.886562] Fusion MPT base driver 3.04.20
[    9.896949] Copyright (c) 1999-2008 LSI Corporation
[    9.992286] AVX version of gcm_enc/dec engaged.
[   10.036609] AES CTR mode by8 optimization enabled
[   10.177706] input: ImExPS/2 Generic Explorer Mouse as /devices/platform/i8042/serio1/input/input5
[   10.240362] Fusion MPT SPI Host driver 3.04.20
[   10.578817] e1000 0000:00:03.0 eth0: (PCI:33MHz:32-bit) 02:9a:e7:4d:41:74
[   10.597564] e1000 0000:00:03.0 eth0: Intel(R) PRO/1000 Network Connection
[   10.827765] mptbase: ioc0: Initiating bringup
[   11.026144] ioc0: LSI53C1030 A0: Capabilities={Initiator}
[   11.215144] scsi host2: ioc0: LSI53C1030 A0, FwRev=00000000h, Ports=1, MaxQ=256, IRQ=20
[   11.348832] scsi 2:0:0:0: Direct-Access     VBOX     HARDDISK         1.0  PQ: 0 ANSI: 5
[   11.407440] scsi target2:0:0: Beginning Domain Validation
[   11.417459] scsi target2:0:0: Domain Validation skipping write tests
[   11.506603] scsi target2:0:0: Ending Domain Validation
[   11.554127] scsi target2:0:0: asynchronous
[   11.671913] scsi 2:0:1:0: Direct-Access     VBOX     HARDDISK         1.0  PQ: 0 ANSI: 5
[   12.114352] scsi target2:0:1: Beginning Domain Validation
[   12.177074] scsi target2:0:1: Domain Validation skipping write tests
[   12.247623] scsi target2:0:1: Ending Domain Validation
[   12.263444] scsi target2:0:1: asynchronous
[   12.287956] e1000 0000:00:08.0 eth1: (PCI:33MHz:32-bit) 08:00:27:85:78:c0
[   12.327605] e1000 0000:00:08.0 eth1: Intel(R) PRO/1000 Network Connection
[   12.378586] e1000 0000:00:08.0 enp0s8: renamed from eth1
[   12.397930] e1000 0000:00:03.0 enp0s3: renamed from eth0
[   12.462978] sd 2:0:0:0: Attached scsi generic sg0 type 0
[   12.496824] sd 2:0:0:0: [sda] 20971520 512-byte logical blocks: (10.7 GB/10.0 GiB)
[   12.568538] sd 2:0:1:0: [sdb] 20480 512-byte logical blocks: (10.5 MB/10.0 MiB)
[   12.581339] sd 2:0:1:0: Attached scsi generic sg1 type 0
[   12.584242] sd 2:0:1:0: [sdb] Write Protect is off
[   12.626811] sd 2:0:0:0: [sda] Write Protect is off
[   12.636866] sd 2:0:0:0: [sda] Incomplete mode parameter data
[   12.703737] sd 2:0:0:0: [sda] Assuming drive cache: write through
[   12.706880] sd 2:0:1:0: [sdb] Incomplete mode parameter data
[   12.713245] sd 2:0:1:0: [sdb] Assuming drive cache: write through
[   12.718740]  sda: sda1
[   12.739150] sd 2:0:0:0: [sda] Attached SCSI disk
[   12.791503] sd 2:0:1:0: [sdb] Attached SCSI disk
[   12.989646] floppy0: no floppy controllers found
Begin: Loading e[   14.325710] md: linear personality registered for level -1
ssential drivers[   14.399837] md: multipath personality registered for level -4
 ... [   14.461134] md: raid0 personality registered for level 0
[   14.482591] md: raid1 personality registered for level 1
[   14.606096] raid6: sse2x1   gen()  7779 MB/s
[   14.716086] raid6: sse2x1   xor()  7247 MB/s
[   14.826081] raid6: sse2x2   gen() 12106 MB/s
[   14.926101] raid6: sse2x2   xor()  7916 MB/s
[   15.036086] raid6: sse2x4   gen() 13898 MB/s
[   15.206118] raid6: sse2x4   xor()  9493 MB/s
[   15.456515] raid6: using algorithm sse2x4 gen() 13898 MB/s
[   15.556690] raid6: .... xor() 9493 MB/s, rmw enabled
[   15.577764] raid6: using ssse3x2 recovery algorithm
[   15.582919] xor: automatically using best checksumming function:
[   15.706111]    avx       : 45338.000 MB/sec
[   15.759114] async_tx: api initialized (async)
[   15.974874] md: raid6 personality registered for level 6
[   15.997363] md: raid5 personality registered for level 5
[   15.999871] md: raid4 personality registered for level 4
[   16.022601] md: raid10 personality registered for level 10
done.
Begin: Running /scripts/init-premount ... done.
Begin: Mounti[   16.097889] Btrfs loaded
ng root file system ... Begin: Running /scripts/local-top ... done.
Begin: Running /scripts/local-premount ... Scanning for Btrfs filesystems
done.
Warning: fsck no[   16.177641] EXT4-fs (sda1): mounted filesystem with ordered data mode. Opts: (null)
t present, so skipping root file system
done.
Begin: Running /scripts/local-bottom ... done.
Begin: Running /scripts/init-bottom ... done.
[   16.451616] systemd[1]: systemd 229 running in system mode. (+PAM +AUDIT +SELINUX +IMA +APPARMOR +SMACK +SYSVINIT +UTMP +LIBCRYPTSETUP +GCRYPT +GNUTLS +ACL +XZ -LZ4 +SECCOMP +BLKID +ELFUTILS +KMOD -IDN)
[   16.518016] systemd[1]: Detected virtualization oracle.
[   16.555188] systemd[1]: Detected architecture x86-64.

Welcome to [1mUbuntu 16.04.2 LTS[0m!

[   16.570815] systemd[1]: Set hostname to <ubuntu>.
[   16.630209] systemd[1]: Initializing machine ID from random generator.
[   16.715275] systemd[1]: Installed transient /etc/machine-id file.
[   16.821944] systemd[1]: Started Forward Password Requests to Wall Directory Watch.
[[0;32m  OK  [0m] Started Forward Password Requests to Wall Directory Watch.
[   16.954695] systemd[1]: Listening on Syslog Socket.
[[0;32m  OK  [0m] Listening on Syslog Socket.
[   17.018092] systemd[1]: Listening on Journal Socket.
[[0;32m  OK  [0m] Listening on Journal Socket.
[   17.062037] systemd[1]: Listening on /dev/initctl Compatibility Named Pipe.
[[0;32m  OK  [0m] Listening on /dev/initctl Compatibility Named Pipe.
[   17.370530] systemd[1]: Created slice System Slice.
[[0;32m  OK  [0m] Created slice System Slice.
[   17.470654] systemd[1]: Starting Remount Root and Kernel File Systems...
         [   17.493832] EXT4-fs (sda1): re-mounted. Opts: (null)
Starting Remount Root and Kernel File Systems...
[   17.528442] systemd[1]: Starting Load Kernel Modules...
         [   17.620102] random: nonblocking pool is initialized
Starting Load Kernel Modules...
[   17.739557] systemd[1]: Created slice system-serial\x2dgetty.slice.
[[0;32m  OK  [0m] Created slice system-serial\x2dgetty.slice.
[   17.752322] Loading iSCSI transport class v2.0-870.
[   17.807880] systemd[1]: Starting Set console keymap...
         Starting Set console keymap...
[   17.826175] iscsi: registered transport (tcp)
[   17.837881] systemd[1]: Mounting POSIX Message Queue File System...
         Mounting POSIX Message Queue File System...
[   17.878302] systemd[1]: Starting Uncomplicated firewall...
         Starting Uncomplicated firewall...
[   17.974488] iscsi: registered transport (iser)
[   18.117117] systemd[1]: Reached target User and Group Name Lookups.
[[0;32m  OK  [0m] Reached target User and Group Name Lookups.
[   18.121348] systemd[1]: Listening on udev Kernel Socket.
[[0;32m  OK  [0m] Listening on udev Kernel Socket.
[   18.133699] systemd[1]: Mounting Huge Pages File System...
         Mounting Huge Pages File System...
[   18.137651] systemd[1]: Mounting Debug File System...
         Mounting Debug File System...
[   18.268777] systemd[1]: Listening on udev Control Socket.
[[0;32m  OK  [0m] Listening on udev Control Socket.
[   18.339780] systemd[1]: Listening on Device-mapper event daemon FIFOs.
[[0;32m  OK  [0m] Listening on Device-mapper event daemon FIFOs.
[   18.343811] systemd[1]: Starting Create list of required static device nodes for the current kernel...
         Starting Create list of required st... nodes for the current kernel...
[   18.348301] systemd[1]: Reached target Encrypted Volumes.
[[0;32m  OK  [0m] Reached target Encrypted Volumes.
[   18.381642] systemd[1]: Reached target Swap.
[[0;32m  OK  [0m] Reached target Swap.
[   18.476062] systemd[1]: Created slice User and Session Slice.
[[0;32m  OK  [0m] Created slice User and Session Slice.
[   18.484727] systemd[1]: Reached target Slices.
[[0;32m  OK  [0m] Reached target Slices.
[   18.490271] systemd[1]: Starting Nameserver information manager...
         Starting Nameserver information manager...
[   18.502404] systemd[1]: Listening on LVM2 metadata daemon socket.
[[0;32m  OK  [0m] Listening on LVM2 metadata daemon socket.
[   18.507037] systemd[1]: Starting Monitoring of LVM2 mirrors, snapshots etc. using dmeventd or progress polling...
         Starting Monitoring of LVM2 mirrors... dmeventd or progress polling...
[   18.537149] systemd[1]: Listening on LVM2 poll daemon socket.
[[0;32m  OK  [0m] Listening on LVM2 poll daemon socket.
[   18.577862] systemd[1]: Set up automount Arbitrary Executable File Formats File System Automount Point.
[[0;32m  OK  [0m] Set up automount Arbitrary Executab...ats File System Automount Point.
[   18.704936] systemd[1]: Listening on Journal Socket (/dev/log).
[[0;32m  OK  [0m] Listening on Journal Socket (/dev/log).
[   18.829142] systemd[1]: Listening on Journal Audit Socket.
[[0;32m  OK  [0m] Listening on Journal Audit Socket.
[   18.840488] systemd[1]: Starting Journal Service...
         Starting Journal Service...
[   18.915205] systemd[1]: Mounted Huge Pages File System.
[[0;32m  OK  [0m] Mounted Huge Pages File System.
[   18.979837] systemd[1]: Mounted POSIX Message Queue File System.
[[0;32m  OK  [0m] Mounted POSIX Message Queue File System.
[   18.982908] systemd[1]: Mounted Debug File System.
[[0;32m  OK  [0m] Mounted Debug File System.
[   18.986560] systemd[1]: Started Journal Service.
[[0;32m  OK  [0m] Started Journal Service.
[[0;32m  OK  [0m] Started Remount Root and Kernel File Systems.
[[0;32m  OK  [0m] Started Load Kernel Modules.
[[0;32m  OK  [0m] Started Set console keymap.
[[0;32m  OK  [0m] Started Uncomplicated firewall.
[[0;32m  OK  [0m] Started Create list of required sta...ce nodes for the current kernel.
[[0;32m  OK  [0m] Started Nameserver information manager.
[[0;32m  OK  [0m] Started LVM2 metadata daemon.
         Starting Create Static Device Nodes in /dev...
         Starting Apply Kernel Variables...
         Mounting FUSE Control File System...
         Starting udev Coldplug all Devices...
         Starting Load/Save Random Seed...
         Starting Initial cloud-init job (pre-networking)...
         Starting Flush Journal to Persistent Storage...
[[0;32m  OK  [0m] Mounted FUSE Control File System.
[[0;32m  OK  [0m] Started Create Static Device Nodes in /dev.
[[0;32m  OK  [0m] Started Apply Kernel Variables.
[[0;32m  OK  [0m] Started Load/Save Random Seed.
[[0;32m  OK  [0m] Started udev Coldplug all Devices.
         Starting udev Kernel Device Manager...
[[0;32m  OK  [0m] Started Flush Journal to Persistent Storage.
[[0;32m  OK  [0m] Started udev Kernel Device Manager.
[[0;32m  OK  [0m] Started Dispatch Password Requests to Console Directory Watch.
[[0;32m  OK  [0m] Started Monitoring of LVM2 mirrors,...ng dmeventd or progress polling.
[[0;32m  OK  [0m] Reached target Local File Systems (Pre).
[[0;32m  OK  [0m] Reached target Local File Systems.
         Starting Set console font and keymap...
         Starting Commit a transient machine-id on disk...
         Starting Tell Plymouth To Write Out Runtime Data...
         Starting LSB: AppArmor initialization...
         Starting Create Volatile Files and Directories...
[[0;32m  OK  [0m] Started Commit a transient machine-id on disk.
[[0;32m  OK  [0m] Started Tell Plymouth To Write Out Runtime Data.
[[0;32m  OK  [0m] Started Create Volatile Files and Directories.
[[0;32m  OK  [0m] Found device /dev/ttyS0.
         Starting Update UTMP about System Boot/Shutdown...
[[0;32m  OK  [0m] Reached target System Time Synchronized.
[[0;32m  OK  [0m] Started Update UTMP about System Boot/Shutdown.
[[0;32m  OK  [0m] Started Set console font and keymap.
[[0;32m  OK  [0m] Created slice system-getty.slice.
[[0;32m  OK  [0m] Listening on Load/Save RF Kill Switch Status /dev/rfkill Watch.
[   17.592216] cloud-init[497]: Cloud-init v. 0.7.9 running 'init-local' at Mon, 11 Sep 2017 21:13:08 +0000. Up 16.87 seconds.
[[0;32m  OK  [0m] Started Initial cloud-init job (pre-networking).
[[0;32m  OK  [0m] Reached target Network (Pre).
[[0;32m  OK  [0m] Started LSB: AppArmor initialization.
         Starting Raise network interfaces...
[[0;32m  OK  [0m] Started Raise network interfaces.
[[0;32m  OK  [0m] Reached target Network.
         Starting Initial cloud-init job (metadata service crawler)...
[   20.023502] cloud-init[1061]: Cloud-init v. 0.7.9 running 'init' at Mon, 11 Sep 2017 21:13:10 +0000. Up 19.47 seconds.
[[0;32m  OK  [0m[   20.076350] cloud-init[1061]: ci-info: ++++++++++++++++++++++++++++++++++++++Net device info++++++++++++++++++++++++++++++++++++++
[   20.076812] cloud-init[1061]: ci-info: +--------+-------+----------------------------+---------------+-------+-------------------+
[   20.076960] cloud-init[1061]: ci-info: | Device |   Up  |          Address           |      Mask     | Scope |     Hw-Address    |
[   20.077093] cloud-init[1061]: ci-info: +--------+-------+----------------------------+---------------+-------+-------------------+
[   20.077197] cloud-init[1061]: ci-info: | enp0s8 | False |             .              |       .       |   .   | 08:00:27:85:78:c0 |
[   20.077317] cloud-init[1061]: ci-info: |   lo   |  True |         127.0.0.1          |   255.0.0.0   |   .   |         .         |
[   20.077434] cloud-init[1061]: ci-info: |   lo   |  True |          ::1/128           |       .       |  host |         .         |
[   20.077561] cloud-init[1061]: ci-info: | enp0s3 |  True |         10.0.2.15          | 255.255.255.0 |   .   | 02:9a:e7:4d:41:74 |
[   20.077646] cloud-init[1061]: ci-info: | enp0s3 |  True | fe80::9a:e7ff:fe4d:4174/64 |       .       |  link | 02:9a:e7:4d:41:74 |
[   20.077715] cloud-init[1061]: ci-info: +--------+-------+----------------------------+---------------+-------+-------------------+
[   20.077776] cloud-init[1061]: ci-info: +++++++++++++++++++++++++++Route IPv4 info++++++++++++++++++++++++++++
[   20.077838] cloud-init[1061]: ci-info: +-------+-------------+----------+---------------+-----------+-------+
[   20.077901] cloud-init[1061]: ci-info: | Route | Destination | Gateway  |    Genmask    | Interface | Flags |
[   20.077963] cloud-init[1061]: ci-info: +-------+-------------+----------+---------------+-----------+-------+
[   20.078022] cloud-init[1061]: ci-info: |   0   |   0.0.0.0   | 10.0.2.2 |    0.0.0.0    |   enp0s3  |   UG  |
[   20.078081] cloud-init[1061]: ci-info: |   1   |   10.0.2.0  | 0.0.0.0  | 255.255.255.0 |   enp0s3  |   U   |
[   20.078140] cloud-init[1061]: ci-info: +-------+-------------+----------+---------------+-----------+-------+
[   20.078222] cloud-init[1061]: Generating public/private rsa key pair.
[   20.078286] cloud-init[1061]: Your identification has been saved in /etc/ssh/ssh_host_rsa_key.
[   20.078347] cloud-init[1061]: Your public key has been saved in /etc/ssh/ssh_host_rsa_key.pub.
[   20.078407] cloud-init[1061]: The key fingerprint is:
[   20.078467] cloud-init[1061]: SHA256:H68RLdjmwrqWOvTDIlecWZEpXjvY9pwp3yg1jX12GZ8 root@ubuntu-xenial
[   20.078527] cloud-init[1061]: The key's randomart image is:
[   20.078652] cloud-init[1061]: +---[RSA 2048]----+
[   20.078767] cloud-init[1061]: |         o       |
[   20.078875] cloud-init[1061]: |      . =        |
[   20.078975] cloud-init[1061]: |     . = o       |
[   20.079042] cloud-init[1061]: |      o *o .   . |
[   20.079113] cloud-init[1061]: |     . =S+**.   =|
[   20.079175] cloud-init[1061]: |    . =..+O=o oEo|
[   20.079234] cloud-init[1061]: |   . + .o+++.o . |
[   20.079294] cloud-init[1061]: |  . + *...oo.    |
[   20.079353] cloud-init[1061]: |   o.=oo ..      |
[   20.079413] cloud-init[1061]: +----[SHA256]-----+
[   20.079472] cloud-init[1061]: Generating public/private dsa key pair.
[   20.079537] cloud-init[1061]: Your identification has been saved in /etc/ssh/ssh_host_dsa_key.
[   20.079600] cloud-init[1061]: Your public key has been saved in /etc/ssh/ssh_host_dsa_key.pub.
[   20.079660] cloud-init[1061]: The key fingerprint is:
[   20.079721] cloud-init[1061]: SHA256:Epf5JoYo0wVRe0R37jfYzru8CPFmGrIyat+fBPYtlPU root@ubuntu-xenial
[   20.079782] cloud-init[1061]: The key's randomart image is:
[   20.079846] cloud-init[1061]: +---[DSA 1024]----+
[   20.079907] cloud-init[1061]: |    oo..o . .    |
[   20.079967] cloud-init[1061]: |     . o + o     |
] Started Initial cloud-init job (metadata service crawler).
[[0;32m  OK  [0m] Reached target Cloud-config availability.
[[0;32m  OK  [0m] Reached target Network is Online.
[   20.080124] cloud-init[1061]: |      + =   o    |
[   20.368902] cloud-init[1061]: |   . o = . + +   |
         Starting iSCSI initiator daemon (iscsid)...
[   20.371638] cloud-init[1061]: |  o o o S * o E  |
[[0;32m  OK  [0m] Reached target System Initialization.
[   20.374789] cloud-init[1061]: |   o   + * + + . |
         Starting Socket activation for snappy daemon.
[[0;32m  OK  [0m] Started Trigger resolvconf update for networkd DNS.
[[0;32m  OK  [0m] Listening on D-Bus System Message Bus Socket.
[[0;32m  OK  [0m] Started Daily Cleanup of Temporary Directories.
[[0;32m  OK  [0m] Listening on UUID daemon activation socket.
[[0;32m  OK  [0m] Started Timer to automatically refresh installed snaps.
         Starting LXD - unix socket.
[   20.414320] cloud-init[1061]: |        . * = o  |
[   20.440546] cloud-init[1061]: |    . o. + O o . |
[   20.443685] [[0;32m  OK  [0m] Started ACPI Events Check.
[[0;32m  OK  [0m] Reached target Paths.
[[0;32m  OK  [0m] Started Daily apt activities.
[[0;32m  OK  [0m] Reached target Timers.
[[0;32m  OK  [0m] Listening on ACPID Listen Socket.
[[0;32m  OK  [0m] Listening on Socket activation for snappy daemon.
[[0;32m  OK  [0m] Listening on LXD - unix socket.
cloud-init[1061]: |   ..o.oo.+ . =o |
[   20.450874] cloud-init[1061]: +----[SHA256]-----+
[   20.472262] cloud-init[1061]: Generating public/private ecdsa key pair.
[   20.488301] cloud-init[1061]: Your identification has been saved in /etc/ssh/ssh_host_ecdsa_key.
[   20.535217] cloud-init[1061]: Your public key has been saved in /etc/ssh/ssh_host_ecdsa_key.pub.
[[0;32m  OK  [0m] Started iSCSI initiator daemon (iscsid).
[   20.544209] cloud-init[1061]: The key fingerprint is:
[   20.550055] cloud-init[1061]: SHA256:jELK5q2NILkfkQ3TQ1vJZKFtmuQPp4oz0+WW0pf5lsc root@ubuntu-xenial
         Starting Login to default iSCSI targets...
[[0;32m  OK  [0m] Reached target Sockets.
[   20.556198] cloud-init[1061]: The key's randomart image is:
[[   20.596264] cloud-init[1061]: +---[ECDSA 256]---+
[   20.596729] cloud-init[1061]: |    .o=o         |
[   20.596828] cloud-init[1061]: |   o *o          |
[   20.596913] cloud-init[1061]: |  o B o          |
[   20.597012] cloud-init[1061]: | . X = o         |
[   20.597173] cloud-init[1061]: |  * B o S        |
[   20.597276] cloud-init[1061]: | + o.*           |
[   20.597366] cloud-init[1061]: |+.o+o..o o       |
[   20.597460] cloud-init[1061]: |=+o*= + o E      |
[   20.597630] cloud-init[1061]: |o==o.. o..       |
[   20.597720] cloud-init[1061]: +----[SHA256]-----+
[   20.597803] cloud-init[1061]: Generating public/private ed25519 key pair.
[   20.597884] cloud-init[1061]: Your identification has been saved in /etc/ssh/ssh_host_ed25519_key.
[   20.597969] cloud-init[1061]: Your public key has been saved in /etc/ssh/ssh_host_ed25519_key.pub.
[   20.598049] cloud-init[1061]: The key fingerprint is:
[   20.598101] cloud-init[1061]: SHA256:KnKO9NbQmZK8SZlFI2BzdfE3jLMwYjfkdtcoNdZVZWc root@ubuntu-xenial
[   20.598155] cloud-init[1061]: The key's randomart image is:
[   20.598200] cloud-init[1061]: +--[ED25519 256]--+
[   20.598243] cloud-init[1061]: |  +.... +.  +. .E|
[   20.598287] cloud-init[1061]: | . o. o+ . = +.o.|
[   20.598329] cloud-init[1061]: |     oo.B * * .  |
[   20.598373] cloud-init[1061]: |     ..+ = * .   |
[   20.598416] cloud-init[1061]: |   . * oS .      |
[   20.598460] cloud-init[1061]: |    O +.         |
[   20.598503] cloud-init[1061]: |  o.o*.          |
[   20.598546] cloud-init[1061]: | . *+..          |
[   20.599126] cloud-init[1061]: |  ..o            |
[   20.599207] cloud-init[1061]: +----[SHA256]-----+
[0;32m  OK  [0m] Reached target Basic System.
         Starting Login Service...
[[0;32m  OK  [0m] Started ACPI event daemon.
[[0;32m  OK  [0m] Started Regular background program processing daemon.
         Starting System Logging Service...
         Starting Accounts Service...
         Starting LXD - container startup/shutdown...
[[0;32m  OK  [0m] Started Deferred execution scheduler.
         Starting Pollinate to seed the pseudo random number generator...
         Starting LSB: MD monitoring daemon...
[[0;32m  OK  [0m] Started D-Bus System Message Bus.
[[0;32m  OK  [0m] Started FUSE filesystem for LXC.
         Starting LSB: Record successful boot for GRUB...
         Starting Apply the settings specified in cloud-config...
         Starting /etc/rc.local Compatibility...
[[0;32m  OK  [0m] Started Snappy daemon.
         Starting Auto import assertions from block devices...
[[0;32m  OK  [0m] Started System Logging Service.
[[0;32m  OK  [0m] Started LXD - container startup/shutdown.
[[0;32m  OK  [0m] Started Pollinate to seed the pseudo random number generator.
[[0;32m  OK  [0m] Started /etc/rc.local Compatibility.
[[0;32m  OK  [0m] Started Auto import assertions from block devices.
[[0;32m  OK  [0m] Started Login to default iSCSI targets.
[[0;32m  OK  [0m] Started LSB: MD monitoring daemon.
[[0;32m  OK  [0m] Started LSB: Record successful boot for GRUB.
[[0;32m  OK  [0m] Started Login Service.
         Starting Authenticate and Authorize Users to Run Privileged Tasks...
[[0;32m  OK  [0m] Reached target Remote File Systems (Pre).
[[0;32m  OK  [0m] Reached target Remote File Systems.
         Starting LSB: Set the CPU Frequency Scaling governor to "ondemand"...
         Starting LSB: VirtualBox Linux Additions...
         Starting LSB: automatic crash report generation...
         Starting Permit User Sessions...
         Starting LSB: daemon to balance interrupts for SMP systems...
[   21.613693] cloud-init[1249]: Generating locales (this might take a while)...
         Starting OpenBSD Secure Shell server...
[[0;32m  OK  [0m] Started OpenBSD Secure Shell server.
[[0;32m  OK  [0m] Started Permit User Sessions.
[[0;32m  OK  [0m] Started Authenticate and Authorize Users to Run Privileged Tasks.
[[0;32m  OK  [0m] Started Accounts Service.
[[0;32m  OK  [0m] Started LSB: Set the CPU Frequency Scaling governor to "ondemand".
         Starting Hold until boot process finishes up...
         Starting Terminate Plymouth Boot Screen...
[[0;32m  OK  [0m] Started LSB: VirtualBox Linux Additions.
[[0;32m  OK  [0m] Started LSB: automatic crash report generation.
[[0;32m  OK  [0m] Started LSB: daemon to balance interrupts for SMP systems.
[[0;32m  OK  [0m] Started Hold until boot process finishes up.
[[0;32m  OK  [0m] Started Terminate Plymouth Boot Screen.
[[0;32m  OK  [0m] Started Serial Getty on ttyS0.
         Starting Set console scheme...
[[0;32m  OK  [0m] Started Getty on tty1.
[[0;32m  OK  [0m] Reached target Login Prompts.
[[0;32m  OK  [0m] Reached target Multi-User System.
[[0;32m  OK  [0m] Reached target Graphical Interface.
         Starting Update UTMP about System Runlevel Changes...
[[0;32m  OK  [0m] Started Set console scheme.
[[0;32m  OK  [0m] Started Update UTMP about System Runlevel Changes.
[   22.578239] cloud-init[1249]:   en_US.UTF-8... done
[   22.628362] cloud-init[1249]: Generation complete.
         Stopping OpenBSD Secure Shell server...
[[0;32m  OK  [0m] Stopped OpenBSD Secure Shell server.
         Starting OpenBSD Secure Shell server...
[[0;32m  OK  [0m] Started OpenBSD Secure Shell server.
[   23.033923] cloud-init[1249]: Cloud-init v. 0.7.9 running 'modules:config' at Mon, 11 Sep 2017 21:13:12 +0000. Up 21.46 seconds.
[[0;32m  OK  [0m] Started Apply the settings specified in cloud-config.
         Starting Execute cloud user/final scripts...
ci-info: no authorized ssh keys fingerprints found for user ubuntu.
<14>Sep 11 21:13:14 ec2: 
<14>Sep 11 21:13:14 ec2: #############################################################
<14>Sep 11 21:13:14 ec2: -----BEGIN SSH HOST KEY FINGERPRINTS-----
<14>Sep 11 21:13:14 ec2: 1024 SHA256:Epf5JoYo0wVRe0R37jfYzru8CPFmGrIyat+fBPYtlPU root@ubuntu-xenial (DSA)
<14>Sep 11 21:13:14 ec2: 256 SHA256:jELK5q2NILkfkQ3TQ1vJZKFtmuQPp4oz0+WW0pf5lsc root@ubuntu-xenial (ECDSA)
<14>Sep 11 21:13:14 ec2: 256 SHA256:KnKO9NbQmZK8SZlFI2BzdfE3jLMwYjfkdtcoNdZVZWc root@ubuntu-xenial (ED25519)
<14>Sep 11 21:13:14 ec2: 2048 SHA256:H68RLdjmwrqWOvTDIlecWZEpXjvY9pwp3yg1jX12GZ8 root@ubuntu-xenial (RSA)
<14>Sep 11 21:13:14 ec2: -----END SSH HOST KEY FINGERPRINTS-----
<14>Sep 11 21:13:14 ec2: #############################################################
-----BEGIN SSH HOST KEY KEYS-----
ecdsa-sha2-nistp256 AAAAE2VjZHNhLXNoYTItbmlzdHAyNTYAAAAIbmlzdHAyNTYAAABBBDOJxS5V1YfCsJWYxHavTTZUop1mVfaffAlqKUBPUNqNX92wKwZ/WzssZp/YPUgfmOzVSHR2d79BrFrsbhrf66w= root@ubuntu-xenial
ssh-ed25519 AAAAC3NzaC1lZDI1NTE5AAAAIEJQnw4aUxXvHLddb/MhZOw2OsY+c71Pu6zLDbuSNn/U root@ubuntu-xenial
ssh-rsa AAAAB3NzaC1yc2EAAAADAQABAAABAQC1akFNisMuGDkvqu5tPJazITp8zQOf9tHpy7W9WQIBnkJwzOtaExr90qXxadMdXR3O7CR1DXbqhT2lGD0zN3WqNhTT3YVVGbZqLELI+aU/QY5U/x5OTMmOUZPq+c4THAjotXUxAug0c8uAAS+emWhebp1etlHNSk/7HUDBWP60YMW+Dx6dCP+Hi3PIcshwYDhRMECWUiDE+nVW3bXC0SDpzM2AloBzCJIIpqv5wvekekwY65Z/7FA81XjsjXRNg1ULUcTzbvv6tSUm6rJYAoDi5nMe0XDW5n+E+Gwal64QPtusi04YUQLP4ypx8XBlAt0VEeRVB13Fct+gcZJgZo/f root@ubuntu-xenial
-----END SSH HOST KEY KEYS-----
[   23.614932] cloud-init[1442]: Cloud-init v. 0.7.9 running 'modules:final' at Mon, 11 Sep 2017 21:13:14 +0000. Up 23.38 seconds.
[   23.680379] cloud-init[1442]: ci-info: no authorized ssh keys fingerprints found for user ubuntu.
[[0;32m  OK  [0m] Started Execute cloud user/final scripts.
[   23.690156] cloud-init[1442]: Cloud-init v. 0.7.9 finished at Mon, 11 Sep 2017 21:13:14 +0000. Datasource DataSourceNoCloud [seed=/dev/sdb][dsmode=net].  Up 23.60 seconds
[[0;32m  OK  [0m] Reached target Cloud-init target.

Ubuntu 16.04.2 LTS ubuntu-xenial ttyS0

ubuntu-xenial login: 